<?xml version="1.0" encoding="UTF-8"?>
<!-- Generated by org.testng.reporters.JUnitXMLReporter -->
<testsuite ignored="3" hostname="Madhuri" failures="0" tests="1" name="Default test" time="12.029" errors="0" timestamp="2021-04-05T15:59:15 BST">
  <testcase classname="com.automationPractice.Tests.LoginPageTest" name="AttemptToLoginWithValidUserNameAndPassword" time="2.976"/>
  <testcase classname="com.automationPractice.Tests.LoginPageTest" name="AttemptToLoginWithInvalidUsername" time="0.0">
    <ignored/>
  </testcase> <!-- AttemptToLoginWithInvalidUsername -->
  <testcase classname="com.automationPractice.Tests.LoginPageTest" name="isLoginPageDisplayedCorrectly" time="0.0">
    <ignored/>
  </testcase> <!-- isLoginPageDisplayedCorrectly -->
  <testcase classname="com.automationPractice.Tests.LoginPageTest" name="AttemptToLoginWithInvalidPassword" time="0.0">
    <ignored/>
  </testcase> <!-- AttemptToLoginWithInvalidPassword -->
</testsuite> <!-- Default test -->
