<?xml version="1.0" encoding="UTF-8"?>
<!-- Generated by org.testng.reporters.JUnitXMLReporter -->
<testsuite ignored="0" hostname="Madhuri" failures="0" tests="8" name="Default test" time="121.322" errors="0" timestamp="2021-04-05T12:27:02 BST">
  <testcase classname="com.automationPractice.Tests.MyAccountTest" name="CheckUserName" time="0.092"/>
  <testcase classname="com.automationPractice.Tests.MyAccountTest" name="CheckPresentTags" time="0.102"/>
  <testcase classname="com.automationPractice.Tests.MyAccountTest" name="printAccountHeaders" time="0.074"/>
  <testcase classname="com.automationPractice.Tests.MyAccountTest" name="CheckToolTipTags" time="0.113"/>
  <testcase classname="com.automationPractice.Tests.MyAccountTest" name="printWomensTopsCategory" time="4.448"/>
  <testcase classname="com.automationPractice.Tests.MyAccountTest" name="casualDressWomen" time="4.7"/>
  <testcase classname="com.automationPractice.Tests.MyAccountTest" name="clickMyAddress" time="2.29"/>
  <testcase classname="com.automationPractice.Tests.MyAccountTest" name="clickContactUs" time="2.707"/>
</testsuite> <!-- Default test -->
