<?xml version="1.0" encoding="UTF-8"?>
<!-- Generated by org.testng.reporters.JUnitXMLReporter -->
<testsuite ignored="0" hostname="Madhuri" failures="1" tests="20" name="Test" time="348.646" errors="0" timestamp="2021-04-05T16:33:38 BST">
  <testcase classname="com.automationPractice.Tests.LoginPageTest" name="isLoginPageDisplayedCorrectly" time="0.268"/>
  <testcase classname="com.automationPractice.Tests.LoginPageTest" name="AttemptToLoginWithValidUserNameAndPassword" time="4.393"/>
  <testcase classname="com.automationPractice.Tests.LoginPageTest" name="AttemptToLoginWithInvalidPassword" time="1.556"/>
  <testcase classname="com.automationPractice.Tests.LoginPageTest" name="AttemptToLoginWithInvalidUsername" time="4.088"/>
  <testcase classname="com.automationPractice.Tests.MyAccountTest" name="CheckUserName" time="0.065"/>
  <testcase classname="com.automationPractice.Tests.MyAccountTest" name="CheckPresentTags" time="0.099"/>
  <testcase classname="com.automationPractice.Tests.MyAccountTest" name="printAccountHeaders" time="0.083"/>
  <testcase classname="com.automationPractice.Tests.MyAccountTest" name="CheckToolTipTags" time="0.116"/>
  <testcase classname="com.automationPractice.Tests.MyAccountTest" name="printWomensTopsCategory" time="4.455"/>
  <testcase classname="com.automationPractice.Tests.MyAccountTest" name="casualDressWomen" time="5.651"/>
  <testcase classname="com.automationPractice.Tests.MyAccountTest" name="clickMyAddress" time="3.266"/>
  <testcase classname="com.automationPractice.Tests.MyAccountTest" name="clickContactUs" time="3.367"/>
  <testcase classname="com.automationPractice.Tests.MyAddressTest" name="verifyTitle" time="0.018"/>
  <testcase classname="com.automationPractice.Tests.MyAddressTest" name="verifyURL" time="0.02"/>
  <testcase classname="com.automationPractice.Tests.MyAddressTest" name="checkMyAddressasd" time="0.001">
    <failure type="java.lang.NullPointerException" message="Cannot invoke &amp;quot;org.openqa.selenium.WebElement.isDisplayed()&amp;quot; because &amp;quot;this.myaddressasd&amp;quot; is null">
      <![CDATA[java.lang.NullPointerException: Cannot invoke "org.openqa.selenium.WebElement.isDisplayed()" because "this.myaddressasd" is null
at com.automationPractice.Pages.MyAddressPage.addNewAddressButton(MyAddressPage.java:23)
at com.automationPractice.Tests.MyAddressTest.checkMyAddressasd(MyAddressTest.java:51)
at java.base/java.util.ArrayList.forEach(ArrayList.java:1511)
... Removed 27 stack frames]]>
    </failure>
  </testcase> <!-- checkMyAddressasd -->
  <testcase classname="com.automationPractice.Tests.ContactUsTest" name="verifyTitleContactUs" time="0.007"/>
  <testcase classname="com.automationPractice.Tests.ContactUsTest" name="verifyContactUsNav" time="0.031"/>
  <testcase classname="com.automationPractice.Tests.ContactUsTest" name="verifySubjectHeading" time="0.196"/>
  <testcase classname="com.automationPractice.Tests.ContactUsTest" name="verifyAddedMsg" time="2.08"/>
  <testcase classname="com.automationPractice.Tests.ContactUsTest" name="verifyFileUpload" time="4.214"/>
</testsuite> <!-- Test -->
