<?xml version="1.0" encoding="UTF-8"?>
<!-- Generated by org.testng.reporters.JUnitXMLReporter -->
<testsuite ignored="0" hostname="Madhuri" failures="0" tests="19" name="Test" time="243.23" errors="0" timestamp="2021-04-05T15:02:56 BST">
  <testcase classname="com.automationPractice.Tests.LoginPageTest" name="isLoginPageDisplayedCorrectly" time="0.427"/>
  <testcase classname="com.automationPractice.Tests.LoginPageTest" name="AttemptToLoginWithValidUserNameAndPassword" time="5.279"/>
  <testcase classname="com.automationPractice.Tests.LoginPageTest" name="AttemptToLoginWithInvalidPassword" time="1.323"/>
  <testcase classname="com.automationPractice.Tests.LoginPageTest" name="AttemptToLoginWithInvalidUsername" time="1.318"/>
  <testcase classname="com.automationPractice.Tests.MyAccountTest" name="CheckUserName" time="0.091"/>
  <testcase classname="com.automationPractice.Tests.MyAccountTest" name="CheckPresentTags" time="0.128"/>
  <testcase classname="com.automationPractice.Tests.MyAccountTest" name="printAccountHeaders" time="0.101"/>
  <testcase classname="com.automationPractice.Tests.MyAccountTest" name="CheckToolTipTags" time="0.195"/>
  <testcase classname="com.automationPractice.Tests.MyAccountTest" name="printWomensTopsCategory" time="4.459"/>
  <testcase classname="com.automationPractice.Tests.MyAccountTest" name="casualDressWomen" time="4.251"/>
  <testcase classname="com.automationPractice.Tests.MyAccountTest" name="clickMyAddress" time="3.087"/>
  <testcase classname="com.automationPractice.Tests.MyAccountTest" name="clickContactUs" time="1.181"/>
  <testcase classname="com.automationPractice.Tests.MyAddressTest" name="verifyTitle" time="0.02"/>
  <testcase classname="com.automationPractice.Tests.MyAddressTest" name="verifyURL" time="0.026"/>
  <testcase classname="com.automationPractice.Tests.ContactUsTest" name="verifyTitleContactUs" time="0.008"/>
  <testcase classname="com.automationPractice.Tests.ContactUsTest" name="verifyContactUsNav" time="0.041"/>
  <testcase classname="com.automationPractice.Tests.ContactUsTest" name="verifySubjectHeading" time="0.193"/>
  <testcase classname="com.automationPractice.Tests.ContactUsTest" name="verifyAddedMsg" time="2.099"/>
  <testcase classname="com.automationPractice.Tests.ContactUsTest" name="verifyFileUpload" time="4.926"/>
</testsuite> <!-- Test -->
