<?xml version="1.0" encoding="UTF-8"?>
<testng-results ignored="0" total="3" passed="2" failed="1" skipped="0">
  <reporter-output>
  </reporter-output>
  <suite started-at="2021-04-05T16:37:34 BST" name="Default suite" finished-at="2021-04-05T16:38:27 BST" duration-ms="53275">
    <groups>
    </groups>
    <test started-at="2021-04-05T16:37:34 BST" name="Default test" finished-at="2021-04-05T16:38:27 BST" duration-ms="53275">
      <class name="com.automationPractice.Tests.MyAddressTest">
        <test-method is-config="true" signature="setup()[pri:0, instance:com.automationPractice.Tests.MyAddressTest@49c386c8]" started-at="2021-04-05T16:37:34 BST" name="setup" finished-at="2021-04-05T16:37:49 BST" duration-ms="15555" status="PASS">
          <reporter-output>
          </reporter-output>
        </test-method> <!-- setup -->
        <test-method signature="verifyTitle()[pri:0, instance:com.automationPractice.Tests.MyAddressTest@49c386c8]" started-at="2021-04-05T16:37:49 BST" name="verifyTitle" finished-at="2021-04-05T16:37:49 BST" duration-ms="23" status="PASS">
          <reporter-output>
          </reporter-output>
        </test-method> <!-- verifyTitle -->
        <test-method is-config="true" signature="tearDown()[pri:0, instance:com.automationPractice.Tests.MyAddressTest@49c386c8]" started-at="2021-04-05T16:37:49 BST" name="tearDown" finished-at="2021-04-05T16:37:50 BST" duration-ms="640" status="PASS">
          <reporter-output>
          </reporter-output>
        </test-method> <!-- tearDown -->
        <test-method is-config="true" signature="setup()[pri:0, instance:com.automationPractice.Tests.MyAddressTest@49c386c8]" started-at="2021-04-05T16:37:50 BST" name="setup" finished-at="2021-04-05T16:38:00 BST" duration-ms="9950" status="PASS">
          <reporter-output>
          </reporter-output>
        </test-method> <!-- setup -->
        <test-method signature="verifyURL()[pri:1, instance:com.automationPractice.Tests.MyAddressTest@49c386c8]" started-at="2021-04-05T16:38:00 BST" name="verifyURL" finished-at="2021-04-05T16:38:00 BST" duration-ms="26" status="PASS">
          <reporter-output>
          </reporter-output>
        </test-method> <!-- verifyURL -->
        <test-method is-config="true" signature="tearDown()[pri:0, instance:com.automationPractice.Tests.MyAddressTest@49c386c8]" started-at="2021-04-05T16:38:00 BST" name="tearDown" finished-at="2021-04-05T16:38:00 BST" duration-ms="680" status="PASS">
          <reporter-output>
          </reporter-output>
        </test-method> <!-- tearDown -->
        <test-method is-config="true" signature="setup()[pri:0, instance:com.automationPractice.Tests.MyAddressTest@49c386c8]" started-at="2021-04-05T16:38:00 BST" name="setup" finished-at="2021-04-05T16:38:26 BST" duration-ms="25741" status="PASS">
          <reporter-output>
          </reporter-output>
        </test-method> <!-- setup -->
        <test-method signature="checkMyAddressasd()[pri:2, instance:com.automationPractice.Tests.MyAddressTest@49c386c8]" started-at="2021-04-05T16:38:26 BST" name="checkMyAddressasd" finished-at="2021-04-05T16:38:26 BST" duration-ms="2" status="FAIL">
          <exception class="java.lang.NullPointerException">
            <message>
              <![CDATA[Cannot invoke "org.openqa.selenium.WebElement.isDisplayed()" because "this.myaddressasd" is null]]>
            </message>
            <full-stacktrace>
              <![CDATA[java.lang.NullPointerException: Cannot invoke "org.openqa.selenium.WebElement.isDisplayed()" because "this.myaddressasd" is null
at com.automationPractice.Pages.MyAddressPage.addNewAddressButton(MyAddressPage.java:23)
at com.automationPractice.Tests.MyAddressTest.checkMyAddressasd(MyAddressTest.java:51)
at java.base/jdk.internal.reflect.NativeMethodAccessorImpl.invoke0(Native Method)
at java.base/jdk.internal.reflect.NativeMethodAccessorImpl.invoke(NativeMethodAccessorImpl.java:62)
at java.base/jdk.internal.reflect.DelegatingMethodAccessorImpl.invoke(DelegatingMethodAccessorImpl.java:43)
at java.base/java.lang.reflect.Method.invoke(Method.java:564)
at org.testng.internal.MethodInvocationHelper.invokeMethod(MethodInvocationHelper.java:132)
at org.testng.internal.TestInvoker.invokeMethod(TestInvoker.java:599)
at org.testng.internal.TestInvoker.invokeTestMethod(TestInvoker.java:174)
at org.testng.internal.MethodRunner.runInSequence(MethodRunner.java:46)
at org.testng.internal.TestInvoker$MethodInvocationAgent.invoke(TestInvoker.java:822)
at org.testng.internal.TestInvoker.invokeTestMethods(TestInvoker.java:147)
at org.testng.internal.TestMethodWorker.invokeTestMethods(TestMethodWorker.java:146)
at org.testng.internal.TestMethodWorker.run(TestMethodWorker.java:128)
at java.base/java.util.ArrayList.forEach(ArrayList.java:1511)
at org.testng.TestRunner.privateRun(TestRunner.java:764)
at org.testng.TestRunner.run(TestRunner.java:585)
at org.testng.SuiteRunner.runTest(SuiteRunner.java:384)
at org.testng.SuiteRunner.runSequentially(SuiteRunner.java:378)
at org.testng.SuiteRunner.privateRun(SuiteRunner.java:337)
at org.testng.SuiteRunner.run(SuiteRunner.java:286)
at org.testng.SuiteRunnerWorker.runSuite(SuiteRunnerWorker.java:53)
at org.testng.SuiteRunnerWorker.run(SuiteRunnerWorker.java:96)
at org.testng.TestNG.runSuitesSequentially(TestNG.java:1218)
at org.testng.TestNG.runSuitesLocally(TestNG.java:1140)
at org.testng.TestNG.runSuites(TestNG.java:1069)
at org.testng.TestNG.run(TestNG.java:1037)
at org.testng.remote.AbstractRemoteTestNG.run(AbstractRemoteTestNG.java:115)
at org.testng.remote.RemoteTestNG.initAndRun(RemoteTestNG.java:251)
at org.testng.remote.RemoteTestNG.main(RemoteTestNG.java:77)
]]>
            </full-stacktrace>
          </exception> <!-- java.lang.NullPointerException -->
          <reporter-output>
          </reporter-output>
        </test-method> <!-- checkMyAddressasd -->
        <test-method is-config="true" signature="tearDown()[pri:0, instance:com.automationPractice.Tests.MyAddressTest@49c386c8]" started-at="2021-04-05T16:38:26 BST" name="tearDown" finished-at="2021-04-05T16:38:27 BST" duration-ms="624" status="PASS">
          <reporter-output>
          </reporter-output>
        </test-method> <!-- tearDown -->
      </class> <!-- com.automationPractice.Tests.MyAddressTest -->
    </test> <!-- Default test -->
  </suite> <!-- Default suite -->
</testng-results>
