<?xml version="1.0" encoding="UTF-8"?>
<testng-results ignored="0" total="8" passed="8" failed="0" skipped="0">
  <reporter-output>
  </reporter-output>
  <suite started-at="2021-04-05T12:25:01 BST" name="Default suite" finished-at="2021-04-05T12:27:02 BST" duration-ms="121322">
    <groups>
    </groups>
    <test started-at="2021-04-05T12:25:01 BST" name="Default test" finished-at="2021-04-05T12:27:02 BST" duration-ms="121322">
      <class name="com.automationPractice.Tests.MyAccountTest">
        <test-method is-config="true" signature="setup()[pri:0, instance:com.automationPractice.Tests.MyAccountTest@59d016c9]" started-at="2021-04-05T12:25:01 BST" name="setup" finished-at="2021-04-05T12:25:18 BST" duration-ms="17821" status="PASS">
          <reporter-output>
          </reporter-output>
        </test-method> <!-- setup -->
        <test-method signature="CheckUserName()[pri:0, instance:com.automationPractice.Tests.MyAccountTest@59d016c9]" started-at="2021-04-05T12:25:18 BST" name="CheckUserName" finished-at="2021-04-05T12:25:19 BST" duration-ms="92" status="PASS">
          <reporter-output>
          </reporter-output>
        </test-method> <!-- CheckUserName -->
        <test-method is-config="true" signature="tearDown()[pri:0, instance:com.automationPractice.Tests.MyAccountTest@59d016c9]" started-at="2021-04-05T12:25:19 BST" name="tearDown" finished-at="2021-04-05T12:25:19 BST" duration-ms="659" status="PASS">
          <reporter-output>
          </reporter-output>
        </test-method> <!-- tearDown -->
        <test-method is-config="true" signature="setup()[pri:0, instance:com.automationPractice.Tests.MyAccountTest@59d016c9]" started-at="2021-04-05T12:25:19 BST" name="setup" finished-at="2021-04-05T12:25:29 BST" duration-ms="9928" status="PASS">
          <reporter-output>
          </reporter-output>
        </test-method> <!-- setup -->
        <test-method signature="CheckPresentTags()[pri:1, instance:com.automationPractice.Tests.MyAccountTest@59d016c9]" started-at="2021-04-05T12:25:29 BST" name="CheckPresentTags" finished-at="2021-04-05T12:25:29 BST" duration-ms="102" status="PASS">
          <reporter-output>
          </reporter-output>
        </test-method> <!-- CheckPresentTags -->
        <test-method is-config="true" signature="tearDown()[pri:0, instance:com.automationPractice.Tests.MyAccountTest@59d016c9]" started-at="2021-04-05T12:25:29 BST" name="tearDown" finished-at="2021-04-05T12:25:30 BST" duration-ms="634" status="PASS">
          <reporter-output>
          </reporter-output>
        </test-method> <!-- tearDown -->
        <test-method is-config="true" signature="setup()[pri:0, instance:com.automationPractice.Tests.MyAccountTest@59d016c9]" started-at="2021-04-05T12:25:30 BST" name="setup" finished-at="2021-04-05T12:25:41 BST" duration-ms="11363" status="PASS">
          <reporter-output>
          </reporter-output>
        </test-method> <!-- setup -->
        <test-method signature="printAccountHeaders()[pri:2, instance:com.automationPractice.Tests.MyAccountTest@59d016c9]" started-at="2021-04-05T12:25:41 BST" name="printAccountHeaders" finished-at="2021-04-05T12:25:41 BST" duration-ms="74" status="PASS">
          <reporter-output>
          </reporter-output>
        </test-method> <!-- printAccountHeaders -->
        <test-method is-config="true" signature="tearDown()[pri:0, instance:com.automationPractice.Tests.MyAccountTest@59d016c9]" started-at="2021-04-05T12:25:41 BST" name="tearDown" finished-at="2021-04-05T12:25:42 BST" duration-ms="658" status="PASS">
          <reporter-output>
          </reporter-output>
        </test-method> <!-- tearDown -->
        <test-method is-config="true" signature="setup()[pri:0, instance:com.automationPractice.Tests.MyAccountTest@59d016c9]" started-at="2021-04-05T12:25:42 BST" name="setup" finished-at="2021-04-05T12:25:55 BST" duration-ms="12703" status="PASS">
          <reporter-output>
          </reporter-output>
        </test-method> <!-- setup -->
        <test-method signature="CheckToolTipTags()[pri:3, instance:com.automationPractice.Tests.MyAccountTest@59d016c9]" started-at="2021-04-05T12:25:55 BST" name="CheckToolTipTags" finished-at="2021-04-05T12:25:55 BST" duration-ms="113" status="PASS">
          <reporter-output>
          </reporter-output>
        </test-method> <!-- CheckToolTipTags -->
        <test-method is-config="true" signature="tearDown()[pri:0, instance:com.automationPractice.Tests.MyAccountTest@59d016c9]" started-at="2021-04-05T12:25:55 BST" name="tearDown" finished-at="2021-04-05T12:25:55 BST" duration-ms="624" status="PASS">
          <reporter-output>
          </reporter-output>
        </test-method> <!-- tearDown -->
        <test-method is-config="true" signature="setup()[pri:0, instance:com.automationPractice.Tests.MyAccountTest@59d016c9]" started-at="2021-04-05T12:25:55 BST" name="setup" finished-at="2021-04-05T12:26:06 BST" duration-ms="10825" status="PASS">
          <reporter-output>
          </reporter-output>
        </test-method> <!-- setup -->
        <test-method signature="printWomensTopsCategory()[pri:4, instance:com.automationPractice.Tests.MyAccountTest@59d016c9]" started-at="2021-04-05T12:26:06 BST" name="printWomensTopsCategory" finished-at="2021-04-05T12:26:11 BST" duration-ms="4448" status="PASS">
          <reporter-output>
          </reporter-output>
        </test-method> <!-- printWomensTopsCategory -->
        <test-method is-config="true" signature="tearDown()[pri:0, instance:com.automationPractice.Tests.MyAccountTest@59d016c9]" started-at="2021-04-05T12:26:11 BST" name="tearDown" finished-at="2021-04-05T12:26:11 BST" duration-ms="653" status="PASS">
          <reporter-output>
          </reporter-output>
        </test-method> <!-- tearDown -->
        <test-method is-config="true" signature="setup()[pri:0, instance:com.automationPractice.Tests.MyAccountTest@59d016c9]" started-at="2021-04-05T12:26:11 BST" name="setup" finished-at="2021-04-05T12:26:23 BST" duration-ms="11458" status="PASS">
          <reporter-output>
          </reporter-output>
        </test-method> <!-- setup -->
        <test-method signature="casualDressWomen()[pri:5, instance:com.automationPractice.Tests.MyAccountTest@59d016c9]" started-at="2021-04-05T12:26:23 BST" name="casualDressWomen" finished-at="2021-04-05T12:26:28 BST" duration-ms="4700" status="PASS">
          <reporter-output>
          </reporter-output>
        </test-method> <!-- casualDressWomen -->
        <test-method is-config="true" signature="tearDown()[pri:0, instance:com.automationPractice.Tests.MyAccountTest@59d016c9]" started-at="2021-04-05T12:26:28 BST" name="tearDown" finished-at="2021-04-05T12:26:28 BST" duration-ms="654" status="PASS">
          <reporter-output>
          </reporter-output>
        </test-method> <!-- tearDown -->
        <test-method is-config="true" signature="setup()[pri:0, instance:com.automationPractice.Tests.MyAccountTest@59d016c9]" started-at="2021-04-05T12:26:28 BST" name="setup" finished-at="2021-04-05T12:26:42 BST" duration-ms="14117" status="PASS">
          <reporter-output>
          </reporter-output>
        </test-method> <!-- setup -->
        <test-method signature="clickMyAddress()[pri:6, instance:com.automationPractice.Tests.MyAccountTest@59d016c9]" started-at="2021-04-05T12:26:42 BST" name="clickMyAddress" finished-at="2021-04-05T12:26:45 BST" duration-ms="2290" status="PASS">
          <reporter-output>
          </reporter-output>
        </test-method> <!-- clickMyAddress -->
        <test-method is-config="true" signature="tearDown()[pri:0, instance:com.automationPractice.Tests.MyAccountTest@59d016c9]" started-at="2021-04-05T12:26:45 BST" name="tearDown" finished-at="2021-04-05T12:26:45 BST" duration-ms="643" status="PASS">
          <reporter-output>
          </reporter-output>
        </test-method> <!-- tearDown -->
        <test-method is-config="true" signature="setup()[pri:0, instance:com.automationPractice.Tests.MyAccountTest@59d016c9]" started-at="2021-04-05T12:26:45 BST" name="setup" finished-at="2021-04-05T12:26:59 BST" duration-ms="13377" status="PASS">
          <reporter-output>
          </reporter-output>
        </test-method> <!-- setup -->
        <test-method signature="clickContactUs()[pri:7, instance:com.automationPractice.Tests.MyAccountTest@59d016c9]" started-at="2021-04-05T12:26:59 BST" name="clickContactUs" finished-at="2021-04-05T12:27:01 BST" duration-ms="2707" status="PASS">
          <reporter-output>
          </reporter-output>
        </test-method> <!-- clickContactUs -->
        <test-method is-config="true" signature="tearDown()[pri:0, instance:com.automationPractice.Tests.MyAccountTest@59d016c9]" started-at="2021-04-05T12:27:01 BST" name="tearDown" finished-at="2021-04-05T12:27:02 BST" duration-ms="636" status="PASS">
          <reporter-output>
          </reporter-output>
        </test-method> <!-- tearDown -->
      </class> <!-- com.automationPractice.Tests.MyAccountTest -->
    </test> <!-- Default test -->
  </suite> <!-- Default suite -->
</testng-results>
